Arguments: 
  C:\Program Files\nodejs\node.exe C:\Program Files (x86)\Yarn\bin\yarn.js add react-top-loading-bar

PATH: 
  C:\Windows\system32;C:\Windows;C:\Windows\System32\Wbem;C:\Windows\System32\WindowsPowerShell\v1.0\;C:\Windows\System32\OpenSSH\;C:\Program Files\nodejs\;C:\Program Files\dotnet\;C:\Program Files\Microsoft SQL Server\150\Tools\Binn\;C:\Program Files\Microsoft SQL Server\Client SDK\ODBC\170\Tools\Binn\;C:\Program Files (x86)\Yarn\bin\;C:\Program Files\Git\cmd;C:\Anaconda3;C:\Users\Aryan Pathak\AppData\Local\Microsoft\WindowsApps;C:\Users\Aryan Pathak\AppData\Roaming\npm;C:\Users\Aryan Pathak\AppData\Local\Programs\Microsoft VS Code\bin;C:\Users\Aryan Pathak\.dotnet\tools;C:\Users\Aryan Pathak\AppData\Local\Yarn\bin;C:\msys64\mingw64\bin;C:\Anaconda3;C:\Users\Aryan Pathak\AppData\Local\GitHubDesktop\bin

Yarn version: 
  1.22.19

Node version: 
  16.15.1

Platform: 
  win32 x64

Trace: 
  Error: EPERM: operation not permitted, rmdir 'C:\Users\Aryan Pathak\Dropbox\Files_and_code\Apps\sono\node_modules\.bin'

npm manifest: 
  {
    "name": "sono",
    "version": "0.1.0",
    "private": true,
    "dependencies": {
      "@testing-library/jest-dom": "^5.15.1",
      "@testing-library/react": "^11.2.7",
      "@testing-library/user-event": "^12.8.3",
      "react": "^17.0.2",
      "react-dom": "^17.0.2",
      "react-responsive-carousel": "^3.2.22",
      "react-router-dom": "^6.0.2",
      "react-scripts": "^2.1.3",
      "react-stripe-checkout": "^2.6.3",
      "styled-components": "^5.3.3",
      "web-vitals": "^1.1.2"
    },
    "scripts": {
      "start": "react-scripts start",
      "build": "react-scripts build",
      "test": "react-scripts test",
      "eject": "react-scripts eject"
    },
    "eslintConfig": {
      "extends": [
        "react-app",
        "react-app/jest"
      ]
    },
    "browserslist": {
      "production": [
        ">0.2%",
        "not dead",
        "not op_mini all"
      ],
      "development": [
        "last 1 chrome version",
        "last 1 firefox version",
        "last 1 safari version"
      ]
    }
  }

yarn manifest: 
  No manifest

Lockfile: 
  No lockfile
